<?xml version="1.0" encoding="UTF-8"?>
<!-- Generated by org.testng.reporters.JUnitXMLReporter -->
<testsuite ignored="0" hostname="LTIN233926" failures="0" tests="8" name="test" time="160.591" errors="0" timestamp="2024-02-13T10:13:01 IST">
  <testcase classname="testCases.TC001_Location" name="locationCountry" time="9.963"/>
  <testcase classname="testCases.TC001_Location" name="locationCity" time="9.662"/>
  <testcase classname="testCases.TC002_SearchandFind" name="searchCarWash" time="9.488"/>
  <testcase classname="testCases.TC002_SearchandFind" name="carWashDetails" time="75.297"/>
  <testcase classname="testCases.TC003_FreeListing" name="clickfreelisting" time="1.862"/>
  <testcase classname="testCases.TC003_FreeListing" name="freeListingLogin" time="8.709"/>
  <testcase classname="testCases.TC004_GymCategory" name="clickGym" time="1.732"/>
  <testcase classname="testCases.TC004_GymCategory" name="displayCategories" time="5.879"/>
</testsuite> <!-- test -->
