<?xml version="1.0" encoding="UTF-8"?>
<!-- Generated by org.testng.reporters.JUnitXMLReporter -->
<testsuite ignored="0" hostname="LTIN233926" failures="0" tests="8" name="test" time="196.56" errors="0" timestamp="2024-02-13T10:05:06 IST">
  <testcase classname="testCases.TC001_Location" name="locationCountry" time="18.594"/>
  <testcase classname="testCases.TC001_Location" name="locationCity" time="19.989"/>
  <testcase classname="testCases.TC002_SearchandFind" name="searchCarWash" time="20.051"/>
  <testcase classname="testCases.TC002_SearchandFind" name="carWashDetails" time="88.09"/>
  <testcase classname="testCases.TC003_FreeListing" name="clickfreelisting" time="2.635"/>
  <testcase classname="testCases.TC003_FreeListing" name="freeListingLogin" time="9.101"/>
  <testcase classname="testCases.TC004_GymCategory" name="clickGym" time="1.876"/>
  <testcase classname="testCases.TC004_GymCategory" name="displayCategories" time="6.305"/>
</testsuite> <!-- test -->
