<?xml version="1.0" encoding="UTF-8"?>
<testng-results ignored="0" total="8" passed="8" failed="0" skipped="0">
  <reporter-output>
  </reporter-output>
  <suite started-at="2024-02-13T10:01:49 IST" name="Suite" finished-at="2024-02-13T10:05:05 IST" duration-ms="196560">
    <groups>
      <group name="regression">
        <method signature="TC002_SearchandFind.searchCarWash()[pri:3, instance:testCases.TC004_GymCategory@399f45b1]" name="searchCarWash" class="testCases.TC002_SearchandFind"/>
        <method signature="TC002_SearchandFind.carWashDetails()[pri:4, instance:testCases.TC004_GymCategory@399f45b1]" name="carWashDetails" class="testCases.TC002_SearchandFind"/>
        <method signature="TC003_FreeListing.clickfreelisting()[pri:5, instance:testCases.TC004_GymCategory@399f45b1]" name="clickfreelisting" class="testCases.TC003_FreeListing"/>
        <method signature="TC003_FreeListing.freeListingLogin()[pri:6, instance:testCases.TC004_GymCategory@399f45b1]" name="freeListingLogin" class="testCases.TC003_FreeListing"/>
        <method signature="TC004_GymCategory.clickGym()[pri:7, instance:testCases.TC004_GymCategory@399f45b1]" name="clickGym" class="testCases.TC004_GymCategory"/>
        <method signature="TC004_GymCategory.displayCategories()[pri:8, instance:testCases.TC004_GymCategory@399f45b1]" name="displayCategories" class="testCases.TC004_GymCategory"/>
      </group> <!-- regression -->
      <group name="sanity">
        <method signature="TC001_Location.locationCountry()[pri:1, instance:testCases.TC004_GymCategory@399f45b1]" name="locationCountry" class="testCases.TC001_Location"/>
        <method signature="TC001_Location.locationCity()[pri:2, instance:testCases.TC004_GymCategory@399f45b1]" name="locationCity" class="testCases.TC001_Location"/>
      </group> <!-- sanity -->
      <group name="master">
        <method signature="TC001_Location.locationCountry()[pri:1, instance:testCases.TC004_GymCategory@399f45b1]" name="locationCountry" class="testCases.TC001_Location"/>
        <method signature="TC001_Location.locationCity()[pri:2, instance:testCases.TC004_GymCategory@399f45b1]" name="locationCity" class="testCases.TC001_Location"/>
        <method signature="TC002_SearchandFind.searchCarWash()[pri:3, instance:testCases.TC004_GymCategory@399f45b1]" name="searchCarWash" class="testCases.TC002_SearchandFind"/>
        <method signature="TC002_SearchandFind.carWashDetails()[pri:4, instance:testCases.TC004_GymCategory@399f45b1]" name="carWashDetails" class="testCases.TC002_SearchandFind"/>
        <method signature="TC003_FreeListing.clickfreelisting()[pri:5, instance:testCases.TC004_GymCategory@399f45b1]" name="clickfreelisting" class="testCases.TC003_FreeListing"/>
        <method signature="TC003_FreeListing.freeListingLogin()[pri:6, instance:testCases.TC004_GymCategory@399f45b1]" name="freeListingLogin" class="testCases.TC003_FreeListing"/>
        <method signature="TC004_GymCategory.clickGym()[pri:7, instance:testCases.TC004_GymCategory@399f45b1]" name="clickGym" class="testCases.TC004_GymCategory"/>
        <method signature="TC004_GymCategory.displayCategories()[pri:8, instance:testCases.TC004_GymCategory@399f45b1]" name="displayCategories" class="testCases.TC004_GymCategory"/>
      </group> <!-- master -->
    </groups>
    <test started-at="2024-02-13T10:01:49 IST" name="test" finished-at="2024-02-13T10:05:05 IST" duration-ms="196560">
      <class name="testCases.TC004_GymCategory">
        <test-method is-config="true" signature="setup(java.lang.String,java.lang.String)[pri:0, instance:testCases.TC004_GymCategory@399f45b1]" started-at="2024-02-13T10:01:50 IST" name="setup" finished-at="2024-02-13T10:02:11 IST" duration-ms="21141" status="PASS">
          <params>
            <param index="0">
              <value>
                <![CDATA[chrome]]>
              </value>
            </param>
            <param index="1">
              <value>
                <![CDATA[windows]]>
              </value>
            </param>
          </params>
          <reporter-output>
          </reporter-output>
        </test-method> <!-- setup -->
        <test-method signature="locationCountry()[pri:1, instance:testCases.TC004_GymCategory@399f45b1]" started-at="2024-02-13T10:02:11 IST" name="locationCountry" finished-at="2024-02-13T10:02:29 IST" duration-ms="18594" status="PASS">
          <reporter-output>
          </reporter-output>
        </test-method> <!-- locationCountry -->
        <test-method signature="locationCity()[pri:2, instance:testCases.TC004_GymCategory@399f45b1]" started-at="2024-02-13T10:02:31 IST" name="locationCity" finished-at="2024-02-13T10:02:51 IST" duration-ms="19989" status="PASS">
          <reporter-output>
          </reporter-output>
        </test-method> <!-- locationCity -->
        <test-method signature="searchCarWash()[pri:3, instance:testCases.TC004_GymCategory@399f45b1]" started-at="2024-02-13T10:02:52 IST" name="searchCarWash" finished-at="2024-02-13T10:03:12 IST" duration-ms="20051" status="PASS">
          <reporter-output>
          </reporter-output>
        </test-method> <!-- searchCarWash -->
        <test-method signature="carWashDetails()[pri:4, instance:testCases.TC004_GymCategory@399f45b1]" started-at="2024-02-13T10:03:12 IST" name="carWashDetails" finished-at="2024-02-13T10:04:40 IST" duration-ms="88090" status="PASS">
          <reporter-output>
          </reporter-output>
        </test-method> <!-- carWashDetails -->
        <test-method signature="clickfreelisting()[pri:5, instance:testCases.TC004_GymCategory@399f45b1]" started-at="2024-02-13T10:04:42 IST" name="clickfreelisting" finished-at="2024-02-13T10:04:44 IST" duration-ms="2635" status="PASS">
          <reporter-output>
          </reporter-output>
        </test-method> <!-- clickfreelisting -->
        <test-method signature="freeListingLogin()[pri:6, instance:testCases.TC004_GymCategory@399f45b1]" started-at="2024-02-13T10:04:45 IST" name="freeListingLogin" finished-at="2024-02-13T10:04:54 IST" duration-ms="9101" status="PASS">
          <reporter-output>
          </reporter-output>
        </test-method> <!-- freeListingLogin -->
        <test-method signature="clickGym()[pri:7, instance:testCases.TC004_GymCategory@399f45b1]" started-at="2024-02-13T10:04:55 IST" name="clickGym" finished-at="2024-02-13T10:04:57 IST" duration-ms="1876" status="PASS">
          <reporter-output>
          </reporter-output>
        </test-method> <!-- clickGym -->
        <test-method signature="displayCategories()[pri:8, instance:testCases.TC004_GymCategory@399f45b1]" started-at="2024-02-13T10:04:57 IST" name="displayCategories" finished-at="2024-02-13T10:05:04 IST" duration-ms="6305" status="PASS">
          <reporter-output>
          </reporter-output>
        </test-method> <!-- displayCategories -->
        <test-method is-config="true" signature="tearDown()[pri:0, instance:testCases.TC004_GymCategory@399f45b1]" started-at="2024-02-13T10:05:04 IST" name="tearDown" finished-at="2024-02-13T10:05:05 IST" duration-ms="1603" status="PASS">
          <reporter-output>
          </reporter-output>
        </test-method> <!-- tearDown -->
      </class> <!-- testCases.TC004_GymCategory -->
    </test> <!-- test -->
  </suite> <!-- Suite -->
</testng-results>
