<?xml version="1.0" encoding="UTF-8"?>
<testng-results ignored="0" total="8" passed="8" failed="0" skipped="0">
  <reporter-output>
  </reporter-output>
  <suite started-at="2024-02-08T16:10:18 IST" name="Suite" finished-at="2024-02-08T16:15:16 IST" duration-ms="297848">
    <groups>
      <group name="regression">
        <method signature="TC002_SearchandFind.searchCarWash()[pri:3, instance:testCases.TC004_GymCategory@6572421]" name="searchCarWash" class="testCases.TC002_SearchandFind"/>
        <method signature="TC002_SearchandFind.carWashDetails()[pri:4, instance:testCases.TC004_GymCategory@6572421]" name="carWashDetails" class="testCases.TC002_SearchandFind"/>
        <method signature="TC003_FreeListing.clickfreelisting()[pri:6, instance:testCases.TC004_GymCategory@6572421]" name="clickfreelisting" class="testCases.TC003_FreeListing"/>
        <method signature="TC004_GymCategory.clickGym()[pri:8, instance:testCases.TC004_GymCategory@6572421]" name="clickGym" class="testCases.TC004_GymCategory"/>
        <method signature="TC004_GymCategory.displayCategories()[pri:9, instance:testCases.TC004_GymCategory@6572421]" name="displayCategories" class="testCases.TC004_GymCategory"/>
      </group> <!-- regression -->
      <group name="sanity">
        <method signature="TC001_Location.locationCountry()[pri:1, instance:testCases.TC004_GymCategory@6572421]" name="locationCountry" class="testCases.TC001_Location"/>
        <method signature="TC001_Location.locationCity()[pri:2, instance:testCases.TC004_GymCategory@6572421]" name="locationCity" class="testCases.TC001_Location"/>
      </group> <!-- sanity -->
      <group name="master">
        <method signature="TC001_Location.locationCountry()[pri:1, instance:testCases.TC004_GymCategory@6572421]" name="locationCountry" class="testCases.TC001_Location"/>
        <method signature="TC001_Location.locationCity()[pri:2, instance:testCases.TC004_GymCategory@6572421]" name="locationCity" class="testCases.TC001_Location"/>
        <method signature="TC002_SearchandFind.searchCarWash()[pri:3, instance:testCases.TC004_GymCategory@6572421]" name="searchCarWash" class="testCases.TC002_SearchandFind"/>
        <method signature="TC002_SearchandFind.carWashDetails()[pri:4, instance:testCases.TC004_GymCategory@6572421]" name="carWashDetails" class="testCases.TC002_SearchandFind"/>
        <method signature="TC003_FreeListing.clickfreelisting()[pri:6, instance:testCases.TC004_GymCategory@6572421]" name="clickfreelisting" class="testCases.TC003_FreeListing"/>
        <method signature="TC004_GymCategory.clickGym()[pri:8, instance:testCases.TC004_GymCategory@6572421]" name="clickGym" class="testCases.TC004_GymCategory"/>
        <method signature="TC004_GymCategory.displayCategories()[pri:9, instance:testCases.TC004_GymCategory@6572421]" name="displayCategories" class="testCases.TC004_GymCategory"/>
      </group> <!-- master -->
    </groups>
    <test started-at="2024-02-08T16:10:18 IST" name="test" finished-at="2024-02-08T16:15:16 IST" duration-ms="297848">
      <class name="testCases.TC004_GymCategory">
        <test-method is-config="true" signature="setup(java.lang.String,java.lang.String)[pri:0, instance:testCases.TC004_GymCategory@6572421]" started-at="2024-02-08T16:10:18 IST" name="setup" finished-at="2024-02-08T16:11:30 IST" duration-ms="71631" status="PASS">
          <params>
            <param index="0">
              <value>
                <![CDATA[chrome]]>
              </value>
            </param>
            <param index="1">
              <value>
                <![CDATA[windows]]>
              </value>
            </param>
          </params>
          <reporter-output>
          </reporter-output>
        </test-method> <!-- setup -->
        <test-method signature="locationCountry()[pri:1, instance:testCases.TC004_GymCategory@6572421]" started-at="2024-02-08T16:11:30 IST" name="locationCountry" finished-at="2024-02-08T16:11:55 IST" duration-ms="24836" status="PASS">
          <reporter-output>
          </reporter-output>
        </test-method> <!-- locationCountry -->
        <test-method signature="locationCity()[pri:2, instance:testCases.TC004_GymCategory@6572421]" started-at="2024-02-08T16:11:56 IST" name="locationCity" finished-at="2024-02-08T16:12:22 IST" duration-ms="25682" status="PASS">
          <reporter-output>
          </reporter-output>
        </test-method> <!-- locationCity -->
        <test-method signature="searchCarWash()[pri:3, instance:testCases.TC004_GymCategory@6572421]" started-at="2024-02-08T16:12:23 IST" name="searchCarWash" finished-at="2024-02-08T16:12:45 IST" duration-ms="21753" status="PASS">
          <reporter-output>
          </reporter-output>
        </test-method> <!-- searchCarWash -->
        <test-method signature="carWashDetails()[pri:4, instance:testCases.TC004_GymCategory@6572421]" started-at="2024-02-08T16:12:45 IST" name="carWashDetails" finished-at="2024-02-08T16:14:13 IST" duration-ms="88040" status="PASS">
          <reporter-output>
          </reporter-output>
        </test-method> <!-- carWashDetails -->
        <test-method signature="clickfreelisting()[pri:6, instance:testCases.TC004_GymCategory@6572421]" started-at="2024-02-08T16:14:15 IST" name="clickfreelisting" finished-at="2024-02-08T16:14:45 IST" duration-ms="30255" status="PASS">
          <reporter-output>
          </reporter-output>
        </test-method> <!-- clickfreelisting -->
        <test-method signature="freeListingLogin()[pri:7, instance:testCases.TC004_GymCategory@6572421]" started-at="2024-02-08T16:14:45 IST" name="freeListingLogin" finished-at="2024-02-08T16:15:01 IST" duration-ms="15707" status="PASS">
          <reporter-output>
          </reporter-output>
        </test-method> <!-- freeListingLogin -->
        <test-method signature="clickGym()[pri:8, instance:testCases.TC004_GymCategory@6572421]" started-at="2024-02-08T16:15:02 IST" name="clickGym" finished-at="2024-02-08T16:15:07 IST" duration-ms="5167" status="PASS">
          <reporter-output>
          </reporter-output>
        </test-method> <!-- clickGym -->
        <test-method signature="displayCategories()[pri:9, instance:testCases.TC004_GymCategory@6572421]" started-at="2024-02-08T16:15:08 IST" name="displayCategories" finished-at="2024-02-08T16:15:14 IST" duration-ms="6375" status="PASS">
          <reporter-output>
          </reporter-output>
        </test-method> <!-- displayCategories -->
        <test-method is-config="true" signature="tearDown()[pri:0, instance:testCases.TC004_GymCategory@6572421]" started-at="2024-02-08T16:15:14 IST" name="tearDown" finished-at="2024-02-08T16:15:16 IST" duration-ms="1367" status="PASS">
          <reporter-output>
          </reporter-output>
        </test-method> <!-- tearDown -->
      </class> <!-- testCases.TC004_GymCategory -->
    </test> <!-- test -->
  </suite> <!-- Suite -->
</testng-results>
