<?xml version="1.0" encoding="UTF-8"?>
<testng-results ignored="0" total="8" passed="8" failed="0" skipped="0">
  <reporter-output>
  </reporter-output>
  <suite started-at="2024-02-13T10:10:20 IST" name="Suite" finished-at="2024-02-13T10:13:01 IST" duration-ms="160591">
    <groups>
      <group name="regression">
        <method signature="TC002_SearchandFind.searchCarWash()[pri:3, instance:testCases.TC004_GymCategory@7bba5817]" name="searchCarWash" class="testCases.TC002_SearchandFind"/>
        <method signature="TC002_SearchandFind.carWashDetails()[pri:4, instance:testCases.TC004_GymCategory@7bba5817]" name="carWashDetails" class="testCases.TC002_SearchandFind"/>
        <method signature="TC003_FreeListing.clickfreelisting()[pri:5, instance:testCases.TC004_GymCategory@7bba5817]" name="clickfreelisting" class="testCases.TC003_FreeListing"/>
        <method signature="TC003_FreeListing.freeListingLogin()[pri:6, instance:testCases.TC004_GymCategory@7bba5817]" name="freeListingLogin" class="testCases.TC003_FreeListing"/>
        <method signature="TC004_GymCategory.clickGym()[pri:7, instance:testCases.TC004_GymCategory@7bba5817]" name="clickGym" class="testCases.TC004_GymCategory"/>
        <method signature="TC004_GymCategory.displayCategories()[pri:8, instance:testCases.TC004_GymCategory@7bba5817]" name="displayCategories" class="testCases.TC004_GymCategory"/>
      </group> <!-- regression -->
      <group name="sanity">
        <method signature="TC001_Location.locationCountry()[pri:1, instance:testCases.TC004_GymCategory@7bba5817]" name="locationCountry" class="testCases.TC001_Location"/>
        <method signature="TC001_Location.locationCity()[pri:2, instance:testCases.TC004_GymCategory@7bba5817]" name="locationCity" class="testCases.TC001_Location"/>
      </group> <!-- sanity -->
      <group name="master">
        <method signature="TC001_Location.locationCountry()[pri:1, instance:testCases.TC004_GymCategory@7bba5817]" name="locationCountry" class="testCases.TC001_Location"/>
        <method signature="TC001_Location.locationCity()[pri:2, instance:testCases.TC004_GymCategory@7bba5817]" name="locationCity" class="testCases.TC001_Location"/>
        <method signature="TC002_SearchandFind.searchCarWash()[pri:3, instance:testCases.TC004_GymCategory@7bba5817]" name="searchCarWash" class="testCases.TC002_SearchandFind"/>
        <method signature="TC002_SearchandFind.carWashDetails()[pri:4, instance:testCases.TC004_GymCategory@7bba5817]" name="carWashDetails" class="testCases.TC002_SearchandFind"/>
        <method signature="TC003_FreeListing.clickfreelisting()[pri:5, instance:testCases.TC004_GymCategory@7bba5817]" name="clickfreelisting" class="testCases.TC003_FreeListing"/>
        <method signature="TC003_FreeListing.freeListingLogin()[pri:6, instance:testCases.TC004_GymCategory@7bba5817]" name="freeListingLogin" class="testCases.TC003_FreeListing"/>
        <method signature="TC004_GymCategory.clickGym()[pri:7, instance:testCases.TC004_GymCategory@7bba5817]" name="clickGym" class="testCases.TC004_GymCategory"/>
        <method signature="TC004_GymCategory.displayCategories()[pri:8, instance:testCases.TC004_GymCategory@7bba5817]" name="displayCategories" class="testCases.TC004_GymCategory"/>
      </group> <!-- master -->
    </groups>
    <test started-at="2024-02-13T10:10:20 IST" name="test" finished-at="2024-02-13T10:13:01 IST" duration-ms="160591">
      <class name="testCases.TC004_GymCategory">
        <test-method is-config="true" signature="setup(java.lang.String,java.lang.String)[pri:0, instance:testCases.TC004_GymCategory@7bba5817]" started-at="2024-02-13T10:10:21 IST" name="setup" finished-at="2024-02-13T10:10:53 IST" duration-ms="32501" status="PASS">
          <params>
            <param index="0">
              <value>
                <![CDATA[chrome]]>
              </value>
            </param>
            <param index="1">
              <value>
                <![CDATA[windows]]>
              </value>
            </param>
          </params>
          <reporter-output>
          </reporter-output>
        </test-method> <!-- setup -->
        <test-method signature="locationCountry()[pri:1, instance:testCases.TC004_GymCategory@7bba5817]" started-at="2024-02-13T10:10:54 IST" name="locationCountry" finished-at="2024-02-13T10:11:03 IST" duration-ms="9963" status="PASS">
          <reporter-output>
          </reporter-output>
        </test-method> <!-- locationCountry -->
        <test-method signature="locationCity()[pri:2, instance:testCases.TC004_GymCategory@7bba5817]" started-at="2024-02-13T10:11:04 IST" name="locationCity" finished-at="2024-02-13T10:11:14 IST" duration-ms="9662" status="PASS">
          <reporter-output>
          </reporter-output>
        </test-method> <!-- locationCity -->
        <test-method signature="searchCarWash()[pri:3, instance:testCases.TC004_GymCategory@7bba5817]" started-at="2024-02-13T10:11:14 IST" name="searchCarWash" finished-at="2024-02-13T10:11:24 IST" duration-ms="9488" status="PASS">
          <reporter-output>
          </reporter-output>
        </test-method> <!-- searchCarWash -->
        <test-method signature="carWashDetails()[pri:4, instance:testCases.TC004_GymCategory@7bba5817]" started-at="2024-02-13T10:11:24 IST" name="carWashDetails" finished-at="2024-02-13T10:12:40 IST" duration-ms="75297" status="PASS">
          <reporter-output>
          </reporter-output>
        </test-method> <!-- carWashDetails -->
        <test-method signature="clickfreelisting()[pri:5, instance:testCases.TC004_GymCategory@7bba5817]" started-at="2024-02-13T10:12:40 IST" name="clickfreelisting" finished-at="2024-02-13T10:12:42 IST" duration-ms="1862" status="PASS">
          <reporter-output>
          </reporter-output>
        </test-method> <!-- clickfreelisting -->
        <test-method signature="freeListingLogin()[pri:6, instance:testCases.TC004_GymCategory@7bba5817]" started-at="2024-02-13T10:12:42 IST" name="freeListingLogin" finished-at="2024-02-13T10:12:51 IST" duration-ms="8709" status="PASS">
          <reporter-output>
          </reporter-output>
        </test-method> <!-- freeListingLogin -->
        <test-method signature="clickGym()[pri:7, instance:testCases.TC004_GymCategory@7bba5817]" started-at="2024-02-13T10:12:52 IST" name="clickGym" finished-at="2024-02-13T10:12:53 IST" duration-ms="1732" status="PASS">
          <reporter-output>
          </reporter-output>
        </test-method> <!-- clickGym -->
        <test-method signature="displayCategories()[pri:8, instance:testCases.TC004_GymCategory@7bba5817]" started-at="2024-02-13T10:12:54 IST" name="displayCategories" finished-at="2024-02-13T10:13:00 IST" duration-ms="5879" status="PASS">
          <reporter-output>
          </reporter-output>
        </test-method> <!-- displayCategories -->
        <test-method is-config="true" signature="tearDown()[pri:0, instance:testCases.TC004_GymCategory@7bba5817]" started-at="2024-02-13T10:13:00 IST" name="tearDown" finished-at="2024-02-13T10:13:01 IST" duration-ms="1274" status="PASS">
          <reporter-output>
          </reporter-output>
        </test-method> <!-- tearDown -->
      </class> <!-- testCases.TC004_GymCategory -->
    </test> <!-- test -->
  </suite> <!-- Suite -->
</testng-results>
